<?xml version="1.0" encoding="UTF-8"?>
<testng-results skipped="0" failed="0" ignored="0" total="1" passed="1">
  <reporter-output>
  </reporter-output>
  <suite name="Default suite" duration-ms="57" started-at="2017-12-14T08:42:30Z" finished-at="2017-12-14T08:42:30Z">
    <groups>
    </groups>
    <test name="Default test" duration-ms="57" started-at="2017-12-14T08:42:30Z" finished-at="2017-12-14T08:42:30Z">
      <class name="NewTest">
        <test-method status="PASS" signature="beforeSuite()[pri:0, instance:NewTest@7dc7cbad]" name="beforeSuite" is-config="true" duration-ms="11" started-at="2017-12-14T14:12:30Z" finished-at="2017-12-14T14:12:30Z">
          <reporter-output>
          </reporter-output>
        </test-method> <!-- beforeSuite -->
        <test-method status="PASS" signature="beforeTest()[pri:0, instance:NewTest@7dc7cbad]" name="beforeTest" is-config="true" duration-ms="2" started-at="2017-12-14T14:12:30Z" finished-at="2017-12-14T14:12:30Z">
          <reporter-output>
          </reporter-output>
        </test-method> <!-- beforeTest -->
        <test-method status="PASS" signature="beforeClass()[pri:0, instance:NewTest@7dc7cbad]" name="beforeClass" is-config="true" duration-ms="1" started-at="2017-12-14T14:12:30Z" finished-at="2017-12-14T14:12:30Z">
          <reporter-output>
          </reporter-output>
        </test-method> <!-- beforeClass -->
        <test-method status="PASS" signature="beforeMethod()[pri:0, instance:NewTest@7dc7cbad]" name="beforeMethod" is-config="true" duration-ms="15" started-at="2017-12-14T14:12:30Z" finished-at="2017-12-14T14:12:30Z">
          <reporter-output>
          </reporter-output>
        </test-method> <!-- beforeMethod -->
        <test-method status="PASS" signature="actualTest()[pri:0, instance:NewTest@7dc7cbad]" name="actualTest" duration-ms="8" started-at="2017-12-14T14:12:30Z" finished-at="2017-12-14T14:12:30Z">
          <reporter-output>
          </reporter-output>
        </test-method> <!-- actualTest -->
        <test-method status="PASS" signature="afterMethod()[pri:0, instance:NewTest@7dc7cbad]" name="afterMethod" is-config="true" duration-ms="2" started-at="2017-12-14T14:12:30Z" finished-at="2017-12-14T14:12:30Z">
          <reporter-output>
          </reporter-output>
        </test-method> <!-- afterMethod -->
        <test-method status="PASS" signature="afterClass()[pri:0, instance:NewTest@7dc7cbad]" name="afterClass" is-config="true" duration-ms="1" started-at="2017-12-14T14:12:30Z" finished-at="2017-12-14T14:12:30Z">
          <reporter-output>
          </reporter-output>
        </test-method> <!-- afterClass -->
        <test-method status="PASS" signature="afterTest()[pri:0, instance:NewTest@7dc7cbad]" name="afterTest" is-config="true" duration-ms="0" started-at="2017-12-14T14:12:30Z" finished-at="2017-12-14T14:12:30Z">
          <reporter-output>
          </reporter-output>
        </test-method> <!-- afterTest -->
        <test-method status="PASS" signature="afterSuite()[pri:0, instance:NewTest@7dc7cbad]" name="afterSuite" is-config="true" duration-ms="1" started-at="2017-12-14T14:12:30Z" finished-at="2017-12-14T14:12:30Z">
          <reporter-output>
          </reporter-output>
        </test-method> <!-- afterSuite -->
      </class> <!-- NewTest -->
    </test> <!-- Default test -->
  </suite> <!-- Default suite -->
</testng-results>
